Using pre-set license
Built from '2022.3/staging' branch; Version is '2022.3.17f1 (4fc78088f837) revision 5228416'; Using compiler version '192829333'; Build Type 'Release'
OS: 'Windows 10  (10.0.19045) 64bit Professional' Language: 'en' Physical Memory: 8087 MB
BatchMode: 1, IsHumanControllingUs: 0, StartBugReporterOnCrash: 0, Is64bit: 1, IsPro: 1

COMMAND LINE ARGUMENTS:
D:\Game Dev Software\Unity Editor\2022.3.17f1\Editor\Unity.exe
-adb2
-batchMode
-noUpm
-name
AssetImportWorker1
-projectPath
D:/Unity Games/2d-adventure--game
-logFile
Logs/AssetImportWorker1.log
-srvPort
65118
Successfully changed project path to: D:/Unity Games/2d-adventure--game
D:/Unity Games/2d-adventure--game
[UnityMemory] Configuration Parameters - Can be set up in boot.config
    "memorysetup-bucket-allocator-granularity=16"
    "memorysetup-bucket-allocator-bucket-count=8"
    "memorysetup-bucket-allocator-block-size=33554432"
    "memorysetup-bucket-allocator-block-count=8"
    "memorysetup-main-allocator-block-size=16777216"
    "memorysetup-thread-allocator-block-size=16777216"
    "memorysetup-gfx-main-allocator-block-size=16777216"
    "memorysetup-gfx-thread-allocator-block-size=16777216"
    "memorysetup-cache-allocator-block-size=4194304"
    "memorysetup-typetree-allocator-block-size=2097152"
    "memorysetup-profiler-bucket-allocator-granularity=16"
    "memorysetup-profiler-bucket-allocator-bucket-count=8"
    "memorysetup-profiler-bucket-allocator-block-size=33554432"
    "memorysetup-profiler-bucket-allocator-block-count=8"
    "memorysetup-profiler-allocator-block-size=16777216"
    "memorysetup-profiler-editor-allocator-block-size=1048576"
    "memorysetup-temp-allocator-size-main=16777216"
    "memorysetup-job-temp-allocator-block-size=2097152"
    "memorysetup-job-temp-allocator-block-size-background=1048576"
    "memorysetup-job-temp-allocator-reduction-small-platforms=262144"
    "memorysetup-allocator-temp-initial-block-size-main=262144"
    "memorysetup-allocator-temp-initial-block-size-worker=262144"
    "memorysetup-temp-allocator-size-background-worker=32768"
    "memorysetup-temp-allocator-size-job-worker=262144"
    "memorysetup-temp-allocator-size-preload-manager=33554432"
    "memorysetup-temp-allocator-size-nav-mesh-worker=65536"
    "memorysetup-temp-allocator-size-audio-worker=65536"
    "memorysetup-temp-allocator-size-cloud-worker=32768"
    "memorysetup-temp-allocator-size-gi-baking-worker=262144"
    "memorysetup-temp-allocator-size-gfx=262144"
Player connection [18188] Host "[IP] 192.168.120.40 [Port] 0 [Flags] 2 [Guid] 4032777930 [EditorId] 4032777930 [Version] 1048832 [Id] WindowsEditor(7,DESKTOP-BK3NA56) [Debug] 1 [PackageName] WindowsEditor [ProjectName] Editor" joined multi-casting on [225.0.0.222:54997]...

Player connection [18188] Host "[IP] 192.168.120.40 [Port] 0 [Flags] 2 [Guid] 4032777930 [EditorId] 4032777930 [Version] 1048832 [Id] WindowsEditor(7,DESKTOP-BK3NA56) [Debug] 1 [PackageName] WindowsEditor [ProjectName] Editor" joined alternative multi-casting on [225.0.0.222:34997]...

[Physics::Module] Initialized MultithreadedJobDispatcher with 7 workers.
Refreshing native plugins compatible for Editor in 752.25 ms, found 4 plugins.
Preloading 0 native plugins for Editor in 0.00 ms.
Initialize engine version: 2022.3.17f1 (4fc78088f837)
[Subsystems] Discovering subsystems at path D:/Game Dev Software/Unity Editor/2022.3.17f1/Editor/Data/Resources/UnitySubsystems
[Subsystems] Discovering subsystems at path D:/Unity Games/2d-adventure--game/Assets
GfxDevice: creating device client; threaded=0; jobified=0
Direct3D:
    Version:  Direct3D 11.0 [level 11.0]
    Renderer: NVIDIA GeForce 930MX (ID=0x134e)
    Vendor:   NVIDIA
    VRAM:     2008 MB
    Driver:   31.0.15.2919
Shader Hidden/ProbeVolume/VoxelizeScene is not supported: GPU does not support conservative rasterization
Initialize mono
Mono path[0] = 'D:/Game Dev Software/Unity Editor/2022.3.17f1/Editor/Data/Managed'
Mono path[1] = 'D:/Game Dev Software/Unity Editor/2022.3.17f1/Editor/Data/MonoBleedingEdge/lib/mono/unityjit-win32'
Mono config path = 'D:/Game Dev Software/Unity Editor/2022.3.17f1/Editor/Data/MonoBleedingEdge/etc'
Using monoOptions --debugger-agent=transport=dt_socket,embedding=1,server=y,suspend=n,address=127.0.0.1:56284
Begin MonoManager ReloadAssembly
Registering precompiled unity dll's ...
Register platform support module: D:/Game Dev Software/Unity Editor/2022.3.17f1/Editor/Data/PlaybackEngines/WebGLSupport/UnityEditor.WebGL.Extensions.dll
Register platform support module: D:/Game Dev Software/Unity Editor/2022.3.17f1/Editor/Data/PlaybackEngines/AndroidPlayer/UnityEditor.Android.Extensions.dll
Register platform support module: D:/Game Dev Software/Unity Editor/2022.3.17f1/Editor/Data/PlaybackEngines/iOSSupport/UnityEditor.iOS.Extensions.dll
Register platform support module: D:/Game Dev Software/Unity Editor/2022.3.17f1/Editor/Data/PlaybackEngines/WindowsStandaloneSupport/UnityEditor.WindowsStandalone.Extensions.dll
Registered in 0.079934 seconds.
- Loaded All Assemblies, in  2.212 seconds
Native extension for WindowsStandalone target not found
[usbmuxd] Start listen thread
[usbmuxd] Listen thread started
Native extension for iOS target not found
Native extension for Android target not found
Android Extension - Scanning For ADB Devices 1182 ms
Native extension for WebGL target not found
Mono: successfully reloaded assembly
- Finished resetting the current domain, in  2.356 seconds
Domain Reload Profiling: 4575ms
	BeginReloadAssembly (1267ms)
		ExecutionOrderSort (0ms)
		DisableScriptedObjects (0ms)
		BackupInstance (0ms)
		ReleaseScriptingObjects (0ms)
		CreateAndSetChildDomain (19ms)
	RebuildCommonClasses (116ms)
	RebuildNativeTypeToScriptingClass (21ms)
	initialDomainReloadingComplete (220ms)
	LoadAllAssembliesAndSetupDomain (587ms)
		LoadAssemblies (1218ms)
		RebuildTransferFunctionScriptingTraits (0ms)
		AnalyzeDomain (568ms)
			TypeCache.Refresh (566ms)
				TypeCache.ScanAssembly (491ms)
			ScanForSourceGeneratedMonoScriptInfo (1ms)
			ResolveRequiredComponents (1ms)
	FinalizeReload (2364ms)
		ReleaseScriptCaches (0ms)
		RebuildScriptCaches (0ms)
		SetupLoadedEditorAssemblies (2169ms)
			LogAssemblyErrors (0ms)
			InitializePlatformSupportModulesInManaged (1593ms)
			SetLoadedEditorAssemblies (9ms)
			RefreshPlugins (0ms)
			BeforeProcessingInitializeOnLoad (42ms)
			ProcessInitializeOnLoadAttributes (400ms)
			ProcessInitializeOnLoadMethodAttributes (123ms)
			AfterProcessingInitializeOnLoad (0ms)
			EditorAssembliesLoaded (1ms)
		ExecutionOrderSort2 (0ms)
		AwakeInstancesAfterBackupRestoration (0ms)
========================================================================
Worker process is ready to serve import requests
Begin MonoManager ReloadAssembly
- Loaded All Assemblies, in  5.400 seconds
Refreshing native plugins compatible for Editor in 137.06 ms, found 4 plugins.
Native extension for WindowsStandalone target not found
Native extension for iOS target not found
Native extension for Android target not found
Native extension for WebGL target not found
Package Manager log level set to [2]
[Package Manager] Server::EnsureServerProcessIsRunning -- launch failed, reason: Unity was launched with the -noUpm command-line argument
[Package Manager] UpmClient::Send -- Unable to send message (not connected to UPM process).
[Package Manager] Cannot connect to Unity Package Manager local server
Mono: successfully reloaded assembly
- Finished resetting the current domain, in  2.115 seconds
Domain Reload Profiling: 7527ms
	BeginReloadAssembly (1058ms)
		ExecutionOrderSort (0ms)
		DisableScriptedObjects (21ms)
		BackupInstance (0ms)
		ReleaseScriptingObjects (0ms)
		CreateAndSetChildDomain (105ms)
	RebuildCommonClasses (46ms)
	RebuildNativeTypeToScriptingClass (13ms)
	initialDomainReloadingComplete (163ms)
	LoadAllAssembliesAndSetupDomain (4118ms)
		LoadAssemblies (4303ms)
		RebuildTransferFunctionScriptingTraits (0ms)
		AnalyzeDomain (658ms)
			TypeCache.Refresh (493ms)
				TypeCache.ScanAssembly (425ms)
			ScanForSourceGeneratedMonoScriptInfo (139ms)
			ResolveRequiredComponents (23ms)
	FinalizeReload (2128ms)
		ReleaseScriptCaches (0ms)
		RebuildScriptCaches (0ms)
		SetupLoadedEditorAssemblies (1754ms)
			LogAssemblyErrors (0ms)
			InitializePlatformSupportModulesInManaged (53ms)
			SetLoadedEditorAssemblies (7ms)
			RefreshPlugins (0ms)
			BeforeProcessingInitializeOnLoad (199ms)
			ProcessInitializeOnLoadAttributes (1292ms)
			ProcessInitializeOnLoadMethodAttributes (197ms)
			AfterProcessingInitializeOnLoad (6ms)
			EditorAssembliesLoaded (0ms)
		ExecutionOrderSort2 (0ms)
		AwakeInstancesAfterBackupRestoration (17ms)
Shader Hidden/ProbeVolume/VoxelizeScene is not supported: GPU does not support conservative rasterization
Launched and connected shader compiler UnityShaderCompiler.exe after 0.46 seconds
Refreshing native plugins compatible for Editor in 4.86 ms, found 4 plugins.
Preloading 0 native plugins for Editor in 0.00 ms.
Unloading 5046 Unused Serialized files (Serialized files now loaded: 0)
Unloading 121 unused Assets / (2.6 MB). Loaded Objects now: 5520.
Memory consumption went from 255.8 MB to 253.2 MB.
Total: 166.260000 ms (FindLiveObjects: 0.824100 ms CreateObjectMapping: 0.770200 ms MarkObjects: 162.616500 ms  DeleteObjects: 2.048000 ms)

AssetImportParameters requested are different than current active one (requested -> active):
  custom:container-demuxer-ogg: 62fdf1f143b41e24485cea50d1cbac27 -> 
  custom:video-decoder-ogg-theora: a1e56fd34408186e4bbccfd4996cb3dc -> 
  custom:framework-win-MediaFoundation: 216162199b28c13a410421893ffa2e32 -> 
  custom:CustomObjectIndexerAttribute: 0f5f72dab822025b0759b197a3119d15 -> 
  custom:container-demuxer-webm: 4f35f7cbe854078d1ac9338744f61a02 -> 
  custom:container-muxer-webm: aa71ff27fc2769a1b78a27578f13a17b -> 
  custom:video-decoder-webm-vp8: 9c59270c3fd7afecdb556c50c9e8de78 -> 
  custom:SearchIndexIgnoredProperties: e643bd26f0fe6173181afceb89e7c659 -> 
  custom:AudioImporter_EditorPlatform: d09bf68614088b80899f8185d706f6e7 -> 
  custom:video-encoder-webm-vp8: eb34c28f22e8b96e1ab97ce403110664 -> 
  custom:audio-decoder-ogg-vorbis: bf7c407c2cedff20999df2af8eb42d56 -> 
  custom:audio-encoder-webm-vorbis: bf7c407c2cedff20999df2af8eb42d56 -> 
========================================================================
Received Import Request.
  Time since last request: 94199.236841 seconds.
  path: Assets/Scenes/Main_Menu
  artifactKey: Guid(13e25825d4c76404ba8da5e71c8603b5) Importer(815301076,1909f56bfc062723c751e8b465ee728b)
Start importing Assets/Scenes/Main_Menu using Guid(13e25825d4c76404ba8da5e71c8603b5) Importer(815301076,1909f56bfc062723c751e8b465ee728b)  -> (artifact id: '96e37b7a0a9339bae899d45916df202c') in 0.931458 seconds
Number of updated asset objects reloaded before import = 0
Number of asset objects unloaded after import = 0
========================================================================
Received Import Request.
  Time since last request: 20.181853 seconds.
  path: Assets/ShootingSound/cannon_02.wav
  artifactKey: Guid(8401456349c492a489ed90469e317e43) Importer(815301076,1909f56bfc062723c751e8b465ee728b)
Start importing Assets/ShootingSound/cannon_02.wav using Guid(8401456349c492a489ed90469e317e43) Importer(815301076,1909f56bfc062723c751e8b465ee728b)  -> (artifact id: 'bb3d114aa462b024ad1979943f484165') in 4.268983 seconds
Number of updated asset objects reloaded before import = 0
Number of asset objects unloaded after import = 2
========================================================================
Received Import Request.
  Time since last request: 0.000031 seconds.
  path: Assets/ShootingSound/electronic_01.wav
  artifactKey: Guid(a245ee5d75348c84a89ffb7992f1dc82) Importer(815301076,1909f56bfc062723c751e8b465ee728b)
Start importing Assets/ShootingSound/electronic_01.wav using Guid(a245ee5d75348c84a89ffb7992f1dc82) Importer(815301076,1909f56bfc062723c751e8b465ee728b)  -> (artifact id: '054f9be51847c72bfa4c6cea68e99e09') in 1.135614 seconds
Number of updated asset objects reloaded before import = 0
Number of asset objects unloaded after import = 2
========================================================================
Received Import Request.
  Time since last request: 0.000032 seconds.
  path: Assets/Stone and Ice Blocks/Block_4.png
  artifactKey: Guid(f2c88b9f8d45f7c4bad2c4e7a95d3e53) Importer(815301076,1909f56bfc062723c751e8b465ee728b)
Start importing Assets/Stone and Ice Blocks/Block_4.png using Guid(f2c88b9f8d45f7c4bad2c4e7a95d3e53) Importer(815301076,1909f56bfc062723c751e8b465ee728b)  -> (artifact id: 'cdc04e0857125e4d4b057954be5a2638') in 3.418615 seconds
Number of updated asset objects reloaded before import = 0
Number of asset objects unloaded after import = 3
========================================================================
Received Import Request.
  Time since last request: 0.000021 seconds.
  path: Assets/ShootingSound/laser_02.wav
  artifactKey: Guid(06ada5590eba8d6489b36c6f3c54ff78) Importer(815301076,1909f56bfc062723c751e8b465ee728b)
Start importing Assets/ShootingSound/laser_02.wav using Guid(06ada5590eba8d6489b36c6f3c54ff78) Importer(815301076,1909f56bfc062723c751e8b465ee728b)  -> (artifact id: '10a49fa39f84a46c5c793ce4d11bc8a1') in 1.096326 seconds
Number of updated asset objects reloaded before import = 0
Number of asset objects unloaded after import = 2
========================================================================
Received Import Request.
  Time since last request: 0.000094 seconds.
  path: Assets/Stone and Ice Blocks/Block_3.png
  artifactKey: Guid(a995e4ad3b100214dab9863b585ef917) Importer(815301076,1909f56bfc062723c751e8b465ee728b)
Start importing Assets/Stone and Ice Blocks/Block_3.png using Guid(a995e4ad3b100214dab9863b585ef917) Importer(815301076,1909f56bfc062723c751e8b465ee728b)  -> (artifact id: '153cb39abed7248f34224f9a7684297e') in 0.224293 seconds
Number of updated asset objects reloaded before import = 0
Number of asset objects unloaded after import = 3
========================================================================
Received Import Request.
  Time since last request: 0.000043 seconds.
  path: Assets/ShootingSound/magic_02.wav
  artifactKey: Guid(78419f98379502c4dbfb2774bc94e7c1) Importer(815301076,1909f56bfc062723c751e8b465ee728b)
Start importing Assets/ShootingSound/magic_02.wav using Guid(78419f98379502c4dbfb2774bc94e7c1) Importer(815301076,1909f56bfc062723c751e8b465ee728b)  -> (artifact id: '84df7c78e3439fe119f6376a55307264') in 1.539792 seconds
Number of updated asset objects reloaded before import = 0
Number of asset objects unloaded after import = 2
========================================================================
Received Import Request.
  Time since last request: 0.000046 seconds.
  path: Assets/Stone and Ice Blocks/cornerRamp_1.png
  artifactKey: Guid(1f4673acae7c6c449b9d04d3716e2e25) Importer(815301076,1909f56bfc062723c751e8b465ee728b)
Start importing Assets/Stone and Ice Blocks/cornerRamp_1.png using Guid(1f4673acae7c6c449b9d04d3716e2e25) Importer(815301076,1909f56bfc062723c751e8b465ee728b)  -> (artifact id: '7e819dca92401cc5a181e514edeb17b6') in 0.773297 seconds
Number of updated asset objects reloaded before import = 0
Number of asset objects unloaded after import = 3
========================================================================
Received Import Request.
  Time since last request: 0.000061 seconds.
  path: Assets/Stone and Ice Blocks/Block_9.png
  artifactKey: Guid(9cb7bb55428fd534a86d54896663ab4d) Importer(815301076,1909f56bfc062723c751e8b465ee728b)
Start importing Assets/Stone and Ice Blocks/Block_9.png using Guid(9cb7bb55428fd534a86d54896663ab4d) Importer(815301076,1909f56bfc062723c751e8b465ee728b)  -> (artifact id: '80f7b66ed41a9fe5ecc3b46e08aa9fd1') in 0.597201 seconds
Number of updated asset objects reloaded before import = 0
Number of asset objects unloaded after import = 3
========================================================================
Received Import Request.
  Time since last request: 0.000026 seconds.
  path: Assets/ShootingSound/laser_01.wav
  artifactKey: Guid(4310474905e266640852f43bd609a1a4) Importer(815301076,1909f56bfc062723c751e8b465ee728b)
Start importing Assets/ShootingSound/laser_01.wav using Guid(4310474905e266640852f43bd609a1a4) Importer(815301076,1909f56bfc062723c751e8b465ee728b)  -> (artifact id: 'b8b8209e39b88c69bb37b05a2033ef45') in 1.053478 seconds
Number of updated asset objects reloaded before import = 0
Number of asset objects unloaded after import = 2
========================================================================
Received Import Request.
  Time since last request: 0.000024 seconds.
  path: Assets/ShootingSound/machine_gun.wav
  artifactKey: Guid(3061c7b9b32d894478e4126ccce25ca3) Importer(815301076,1909f56bfc062723c751e8b465ee728b)
Start importing Assets/ShootingSound/machine_gun.wav using Guid(3061c7b9b32d894478e4126ccce25ca3) Importer(815301076,1909f56bfc062723c751e8b465ee728b)  -> (artifact id: '2706cc5d149e95c6af0fab1d757740c4') in 0.456199 seconds
Number of updated asset objects reloaded before import = 0
Number of asset objects unloaded after import = 2
========================================================================
Received Import Request.
  Time since last request: 0.001561 seconds.
  path: Assets/Stone and Ice Blocks/Block_8.png
  artifactKey: Guid(d9623c5b24a9e8947a6d1509e697966e) Importer(815301076,1909f56bfc062723c751e8b465ee728b)
Start importing Assets/Stone and Ice Blocks/Block_8.png using Guid(d9623c5b24a9e8947a6d1509e697966e) Importer(815301076,1909f56bfc062723c751e8b465ee728b)  -> (artifact id: '6ce3eb107c799182d424cb1312263d3b') in 0.251979 seconds
Number of updated asset objects reloaded before import = 0
Number of asset objects unloaded after import = 3
========================================================================
Received Import Request.
  Time since last request: 0.000029 seconds.
  path: Assets/ShootingSound/electronic_02.wav
  artifactKey: Guid(ab297b593498a6e47ba84de770477cbe) Importer(815301076,1909f56bfc062723c751e8b465ee728b)
Start importing Assets/ShootingSound/electronic_02.wav using Guid(ab297b593498a6e47ba84de770477cbe) Importer(815301076,1909f56bfc062723c751e8b465ee728b)  -> (artifact id: '6f1d63c793285300066a13492cb3d740') in 1.451616 seconds
Number of updated asset objects reloaded before import = 0
Number of asset objects unloaded after import = 2
========================================================================
Received Import Request.
  Time since last request: 0.000019 seconds.
  path: Assets/Stone and Ice Blocks/halfSquare_5.png
  artifactKey: Guid(c246f965037fa4645b02ff289590ec85) Importer(815301076,1909f56bfc062723c751e8b465ee728b)
Start importing Assets/Stone and Ice Blocks/halfSquare_5.png using Guid(c246f965037fa4645b02ff289590ec85) Importer(815301076,1909f56bfc062723c751e8b465ee728b)  -> (artifact id: '60500e5a9ec9cdba7a78f4c1f86af8ab') in 0.569806 seconds
Number of updated asset objects reloaded before import = 0
Number of asset objects unloaded after import = 3
========================================================================
Received Import Request.
  Time since last request: 0.000076 seconds.
  path: Assets/Stone and Ice Blocks/iceBlock_04.png
  artifactKey: Guid(467d060b6d4cba64597d33d67e191305) Importer(815301076,1909f56bfc062723c751e8b465ee728b)
Start importing Assets/Stone and Ice Blocks/iceBlock_04.png using Guid(467d060b6d4cba64597d33d67e191305) Importer(815301076,1909f56bfc062723c751e8b465ee728b)  -> (artifact id: 'b1e94e662086261366d753fcd9bbaf61') in 0.279732 seconds
Number of updated asset objects reloaded before import = 0
Number of asset objects unloaded after import = 3
========================================================================
Received Import Request.
  Time since last request: 0.000038 seconds.
  path: Assets/Stone and Ice Blocks/iceBlock_05.png
  artifactKey: Guid(c2b251a15841e56419b239a2a08bd672) Importer(815301076,1909f56bfc062723c751e8b465ee728b)
Start importing Assets/Stone and Ice Blocks/iceBlock_05.png using Guid(c2b251a15841e56419b239a2a08bd672) Importer(815301076,1909f56bfc062723c751e8b465ee728b)  -> (artifact id: '5fb2a4608f9dbd0d2069a274c730d9a6') in 0.134757 seconds
Number of updated asset objects reloaded before import = 0
Number of asset objects unloaded after import = 3
========================================================================
Received Import Request.
  Time since last request: 0.000032 seconds.
  path: Assets/Stone and Ice Blocks/iceBlock_02.png
  artifactKey: Guid(c35915ed4ab18d94786f42d435aa5621) Importer(815301076,1909f56bfc062723c751e8b465ee728b)
Start importing Assets/Stone and Ice Blocks/iceBlock_02.png using Guid(c35915ed4ab18d94786f42d435aa5621) Importer(815301076,1909f56bfc062723c751e8b465ee728b)  -> (artifact id: 'e64703ec6524e70effae2882a3c40435') in 0.333175 seconds
Number of updated asset objects reloaded before import = 0
Number of asset objects unloaded after import = 3
========================================================================
Received Import Request.
  Time since last request: 0.000023 seconds.
  path: Assets/Stone and Ice Blocks/iceBlock_07.png
  artifactKey: Guid(b902ceb43ec32444c95480247adcd853) Importer(815301076,1909f56bfc062723c751e8b465ee728b)
Start importing Assets/Stone and Ice Blocks/iceBlock_07.png using Guid(b902ceb43ec32444c95480247adcd853) Importer(815301076,1909f56bfc062723c751e8b465ee728b)  -> (artifact id: '922e93ad89195b5b0b3036883b2edcb1') in 0.735919 seconds
Number of updated asset objects reloaded before import = 0
Number of asset objects unloaded after import = 3
========================================================================
Received Import Request.
  Time since last request: 0.000036 seconds.
  path: Assets/Stone and Ice Blocks/iceBlock_08.png
  artifactKey: Guid(0aad71b4ede9398468a3cb4daabd8543) Importer(815301076,1909f56bfc062723c751e8b465ee728b)
Start importing Assets/Stone and Ice Blocks/iceBlock_08.png using Guid(0aad71b4ede9398468a3cb4daabd8543) Importer(815301076,1909f56bfc062723c751e8b465ee728b)  -> (artifact id: '9297a612387d8f76a1a25e428cc2a941') in 0.075550 seconds
Number of updated asset objects reloaded before import = 0
Number of asset objects unloaded after import = 3
========================================================================
Received Import Request.
  Time since last request: 0.000118 seconds.
  path: Assets/Stone and Ice Blocks/iceBlock_10.png
  artifactKey: Guid(60770bd069df0d247b89e17fa92419eb) Importer(815301076,1909f56bfc062723c751e8b465ee728b)
Start importing Assets/Stone and Ice Blocks/iceBlock_10.png using Guid(60770bd069df0d247b89e17fa92419eb) Importer(815301076,1909f56bfc062723c751e8b465ee728b)  -> (artifact id: '486375ac20a8acc06473438b5d20309d') in 0.196051 seconds
Number of updated asset objects reloaded before import = 0
Number of asset objects unloaded after import = 3
========================================================================
Received Import Request.
  Time since last request: 0.000048 seconds.
  path: Assets/Stone and Ice Blocks/halfSquare_1.png
  artifactKey: Guid(5ad48b7b174ae264f941762db118d311) Importer(815301076,1909f56bfc062723c751e8b465ee728b)
Start importing Assets/Stone and Ice Blocks/halfSquare_1.png using Guid(5ad48b7b174ae264f941762db118d311) Importer(815301076,1909f56bfc062723c751e8b465ee728b)  -> (artifact id: 'd4847767580470e48bdc58e16eee0da3') in 2.143771 seconds
Number of updated asset objects reloaded before import = 0
Number of asset objects unloaded after import = 3
========================================================================
Received Import Request.
  Time since last request: 0.000026 seconds.
  path: Assets/Stone and Ice Blocks/iceCorner_5.png
  artifactKey: Guid(16a5b6c526eca454b86ff864262dc5a2) Importer(815301076,1909f56bfc062723c751e8b465ee728b)
Start importing Assets/Stone and Ice Blocks/iceCorner_5.png using Guid(16a5b6c526eca454b86ff864262dc5a2) Importer(815301076,1909f56bfc062723c751e8b465ee728b)  -> (artifact id: '7b5c3f39e0d247bef8196a091c309431') in 0.605492 seconds
Number of updated asset objects reloaded before import = 0
Number of asset objects unloaded after import = 3
========================================================================
Received Import Request.
  Time since last request: 0.000022 seconds.
  path: Assets/Stone and Ice Blocks/iceCornerRamp_03.png
  artifactKey: Guid(773fc576f601a6348a9da1616c49d242) Importer(815301076,1909f56bfc062723c751e8b465ee728b)
Start importing Assets/Stone and Ice Blocks/iceCornerRamp_03.png using Guid(773fc576f601a6348a9da1616c49d242) Importer(815301076,1909f56bfc062723c751e8b465ee728b)  -> (artifact id: '430de6a0c12815e386bde148d5a0490b') in 0.758299 seconds
Number of updated asset objects reloaded before import = 0
Number of asset objects unloaded after import = 3
========================================================================
Received Import Request.
  Time since last request: 0.000052 seconds.
  path: Assets/Stone and Ice Blocks/iceCorner_2.png
  artifactKey: Guid(0aea8d5513702bb44971c23b3b8c6392) Importer(815301076,1909f56bfc062723c751e8b465ee728b)
Start importing Assets/Stone and Ice Blocks/iceCorner_2.png using Guid(0aea8d5513702bb44971c23b3b8c6392) Importer(815301076,1909f56bfc062723c751e8b465ee728b)  -> (artifact id: '681d9286c6e0f0d3ad955f7d1812b089') in 0.220300 seconds
Number of updated asset objects reloaded before import = 0
Number of asset objects unloaded after import = 3
========================================================================
Received Import Request.
  Time since last request: 0.000034 seconds.
  path: Assets/Stone and Ice Blocks/iceHalfBlock_01.png
  artifactKey: Guid(b4705ff28f468784fb7c7410d727258b) Importer(815301076,1909f56bfc062723c751e8b465ee728b)
Start importing Assets/Stone and Ice Blocks/iceHalfBlock_01.png using Guid(b4705ff28f468784fb7c7410d727258b) Importer(815301076,1909f56bfc062723c751e8b465ee728b)  -> (artifact id: '0ba4c295d7793d3d485f889ed8f3b2f4') in 0.830064 seconds
Number of updated asset objects reloaded before import = 0
Number of asset objects unloaded after import = 3
========================================================================
Received Import Request.
  Time since last request: 0.000038 seconds.
  path: Assets/Stone and Ice Blocks/iceCornerRamp_06.png
  artifactKey: Guid(1466496ce2378754f8a9b09a1caa25c2) Importer(815301076,1909f56bfc062723c751e8b465ee728b)
Start importing Assets/Stone and Ice Blocks/iceCornerRamp_06.png using Guid(1466496ce2378754f8a9b09a1caa25c2) Importer(815301076,1909f56bfc062723c751e8b465ee728b)  -> (artifact id: '1d73fdd25a1b431776150aba90ef5733') in 0.247515 seconds
Number of updated asset objects reloaded before import = 0
Number of asset objects unloaded after import = 3
========================================================================
Received Import Request.
  Time since last request: 0.000024 seconds.
  path: Assets/Stone and Ice Blocks/iceHalfBlock_03.png
  artifactKey: Guid(eb7835ff4ca4f2c49a5d009d98807b94) Importer(815301076,1909f56bfc062723c751e8b465ee728b)
Start importing Assets/Stone and Ice Blocks/iceHalfBlock_03.png using Guid(eb7835ff4ca4f2c49a5d009d98807b94) Importer(815301076,1909f56bfc062723c751e8b465ee728b)  -> (artifact id: 'd532f83525e875caa83111faada76eaf') in 0.749586 seconds
Number of updated asset objects reloaded before import = 0
Number of asset objects unloaded after import = 3
========================================================================
Received Import Request.
  Time since last request: 0.000050 seconds.
  path: Assets/Stone and Ice Blocks/iceCorner_4.png
  artifactKey: Guid(a07153d5922746246b7bf99e7becd691) Importer(815301076,1909f56bfc062723c751e8b465ee728b)
Start importing Assets/Stone and Ice Blocks/iceCorner_4.png using Guid(a07153d5922746246b7bf99e7becd691) Importer(815301076,1909f56bfc062723c751e8b465ee728b)  -> (artifact id: '5dd26372f15f173e81d0309251dac2ac') in 0.166049 seconds
Number of updated asset objects reloaded before import = 0
Number of asset objects unloaded after import = 3
========================================================================
Received Import Request.
  Time since last request: 0.000041 seconds.
  path: Assets/Stone and Ice Blocks/iceHalfBlock_06.png
  artifactKey: Guid(da1d2d99638388b47860773744236fa3) Importer(815301076,1909f56bfc062723c751e8b465ee728b)
Start importing Assets/Stone and Ice Blocks/iceHalfBlock_06.png using Guid(da1d2d99638388b47860773744236fa3) Importer(815301076,1909f56bfc062723c751e8b465ee728b)  -> (artifact id: '2f2b480c5090a25a1cda6283c997d7ce') in 0.654918 seconds
Number of updated asset objects reloaded before import = 0
Number of asset objects unloaded after import = 3
========================================================================
Received Import Request.
  Time since last request: 0.000406 seconds.
  path: Assets/Stone and Ice Blocks/Corner_6.png
  artifactKey: Guid(eb37478657b09fd4392fd4df2a4b706c) Importer(815301076,1909f56bfc062723c751e8b465ee728b)
Start importing Assets/Stone and Ice Blocks/Corner_6.png using Guid(eb37478657b09fd4392fd4df2a4b706c) Importer(815301076,1909f56bfc062723c751e8b465ee728b)  -> (artifact id: 'ade4bf2c2481824f82b6505e7c63cf81') in 0.248998 seconds
Number of updated asset objects reloaded before import = 0
Number of asset objects unloaded after import = 3
========================================================================
Received Import Request.
  Time since last request: 0.000069 seconds.
  path: Assets/Stone and Ice Blocks/cornerRamp_2.png
  artifactKey: Guid(adea8456e1768d5419e50d81f965f436) Importer(815301076,1909f56bfc062723c751e8b465ee728b)
Start importing Assets/Stone and Ice Blocks/cornerRamp_2.png using Guid(adea8456e1768d5419e50d81f965f436) Importer(815301076,1909f56bfc062723c751e8b465ee728b)  -> (artifact id: '1772a7c06f36bce5fd10396bbd951871') in 0.190563 seconds
Number of updated asset objects reloaded before import = 0
Number of asset objects unloaded after import = 3
========================================================================
Received Import Request.
  Time since last request: 0.000026 seconds.
  path: Assets/Stone and Ice Blocks/Block_1.png
  artifactKey: Guid(f72283e5bac82404cb60cd26257ef4f9) Importer(815301076,1909f56bfc062723c751e8b465ee728b)
Start importing Assets/Stone and Ice Blocks/Block_1.png using Guid(f72283e5bac82404cb60cd26257ef4f9) Importer(815301076,1909f56bfc062723c751e8b465ee728b)  -> (artifact id: 'ed5b292f7bcb7d56a4aa2a4fcd5f6858') in 0.671525 seconds
Number of updated asset objects reloaded before import = 0
Number of asset objects unloaded after import = 3
========================================================================
Received Import Request.
  Time since last request: 0.000027 seconds.
  path: Assets/Stone and Ice Blocks/cornerRamp_4.png
  artifactKey: Guid(eab7c6d04fc984940ac1947bbe84731f) Importer(815301076,1909f56bfc062723c751e8b465ee728b)
Start importing Assets/Stone and Ice Blocks/cornerRamp_4.png using Guid(eab7c6d04fc984940ac1947bbe84731f) Importer(815301076,1909f56bfc062723c751e8b465ee728b)  -> (artifact id: '242897245a9f48e18abc8cfc2805fc54') in 0.856603 seconds
Number of updated asset objects reloaded before import = 0
Number of asset objects unloaded after import = 3
========================================================================
Received Import Request.
  Time since last request: 0.002750 seconds.
  path: Assets/Stone and Ice Blocks/cornerRamp_5.png
  artifactKey: Guid(92eda00a726a779479e96f82aec90aba) Importer(815301076,1909f56bfc062723c751e8b465ee728b)
Start importing Assets/Stone and Ice Blocks/cornerRamp_5.png using Guid(92eda00a726a779479e96f82aec90aba) Importer(815301076,1909f56bfc062723c751e8b465ee728b)  -> (artifact id: '1c8c64cefcdac8940283ab28df3ea206') in 0.981444 seconds
Number of updated asset objects reloaded before import = 0
Number of asset objects unloaded after import = 3
========================================================================
Received Import Request.
  Time since last request: 0.000022 seconds.
  path: Assets/Stone and Ice Blocks/iceBlock_03.png
  artifactKey: Guid(a31ec777f6d29114da605d2cad8f8472) Importer(815301076,1909f56bfc062723c751e8b465ee728b)
Start importing Assets/Stone and Ice Blocks/iceBlock_03.png using Guid(a31ec777f6d29114da605d2cad8f8472) Importer(815301076,1909f56bfc062723c751e8b465ee728b)  -> (artifact id: '6e80284ee4c322b7ff8fa156bd2f351e') in 0.176480 seconds
Number of updated asset objects reloaded before import = 0
Number of asset objects unloaded after import = 3
========================================================================
Received Prepare
Begin MonoManager ReloadAssembly
- Loaded All Assemblies, in 111.438 seconds
Refreshing native plugins compatible for Editor in 178.95 ms, found 4 plugins.
Native extension for WindowsStandalone target not found
Native extension for iOS target not found
Native extension for Android target not found
Native extension for WebGL target not found
[Package Manager] Server::EnsureServerProcessIsRunning -- launch failed, reason: Unity was launched with the -noUpm command-line argument
[Package Manager] UpmClient::Send -- Unable to send message (not connected to UPM process).
[Package Manager] Cannot connect to Unity Package Manager local server
Mono: successfully reloaded assembly
- Finished resetting the current domain, in 121.928 seconds
Domain Reload Profiling: 233549ms
	BeginReloadAssembly (53381ms)
		ExecutionOrderSort (0ms)
		DisableScriptedObjects (2538ms)
		BackupInstance (0ms)
		ReleaseScriptingObjects (59ms)
		CreateAndSetChildDomain (35622ms)
	RebuildCommonClasses (693ms)
	RebuildNativeTypeToScriptingClass (667ms)
	initialDomainReloadingComplete (2427ms)
	LoadAllAssembliesAndSetupDomain (54257ms)
		LoadAssemblies (58542ms)
		RebuildTransferFunctionScriptingTraits (0ms)
		AnalyzeDomain (5198ms)
			TypeCache.Refresh (2979ms)
				TypeCache.ScanAssembly (474ms)
			ScanForSourceGeneratedMonoScriptInfo (1436ms)
			ResolveRequiredComponents (781ms)
	FinalizeReload (122124ms)
		ReleaseScriptCaches (0ms)
		RebuildScriptCaches (0ms)
		SetupLoadedEditorAssemblies (12281ms)
			LogAssemblyErrors (0ms)
			InitializePlatformSupportModulesInManaged (2563ms)
			SetLoadedEditorAssemblies (149ms)
			RefreshPlugins (0ms)
			BeforeProcessingInitializeOnLoad (1232ms)
			ProcessInitializeOnLoadAttributes (6903ms)
			ProcessInitializeOnLoadMethodAttributes (1338ms)
			AfterProcessingInitializeOnLoad (5ms)
			EditorAssembliesLoaded (91ms)
		ExecutionOrderSort2 (0ms)
		AwakeInstancesAfterBackupRestoration (760ms)
Shader Hidden/ProbeVolume/VoxelizeScene is not supported: GPU does not support conservative rasterization
Refreshing native plugins compatible for Editor in 230.38 ms, found 4 plugins.
Preloading 0 native plugins for Editor in 0.00 ms.
Unloading 4898 Unused Serialized files (Serialized files now loaded: 0)
Unloading 78 unused Assets / (2.6 MB). Loaded Objects now: 5540.
Memory consumption went from 223.1 MB to 220.5 MB.
Total: 1391.981400 ms (FindLiveObjects: 0.669100 ms CreateObjectMapping: 0.505200 ms MarkObjects: 1269.258100 ms  DeleteObjects: 121.546700 ms)

Prepare: number of updated asset objects reloaded= 0
AssetImportParameters requested are different than current active one (requested -> active):
  custom:container-demuxer-ogg: 62fdf1f143b41e24485cea50d1cbac27 -> 
  custom:video-decoder-ogg-theora: a1e56fd34408186e4bbccfd4996cb3dc -> 
  custom:framework-win-MediaFoundation: 216162199b28c13a410421893ffa2e32 -> 
  custom:CustomObjectIndexerAttribute: 0f5f72dab822025b0759b197a3119d15 -> 
  custom:container-demuxer-webm: 4f35f7cbe854078d1ac9338744f61a02 -> 
  custom:container-muxer-webm: aa71ff27fc2769a1b78a27578f13a17b -> 
  custom:video-decoder-webm-vp8: 9c59270c3fd7afecdb556c50c9e8de78 -> 
  custom:SearchIndexIgnoredProperties: e643bd26f0fe6173181afceb89e7c659 -> 
  custom:AudioImporter_EditorPlatform: d09bf68614088b80899f8185d706f6e7 -> 
  custom:video-encoder-webm-vp8: eb34c28f22e8b96e1ab97ce403110664 -> 
  custom:audio-decoder-ogg-vorbis: bf7c407c2cedff20999df2af8eb42d56 -> 
  custom:audio-encoder-webm-vorbis: bf7c407c2cedff20999df2af8eb42d56 -> 
========================================================================
Received Prepare
Begin MonoManager ReloadAssembly
- Loaded All Assemblies, in 55.270 seconds
Refreshing native plugins compatible for Editor in 15.11 ms, found 4 plugins.
Native extension for WindowsStandalone target not found
Native extension for iOS target not found
Native extension for Android target not found
Native extension for WebGL target not found
[Package Manager] Server::EnsureServerProcessIsRunning -- launch failed, reason: Unity was launched with the -noUpm command-line argument
[Package Manager] UpmClient::Send -- Unable to send message (not connected to UPM process).
[Package Manager] Cannot connect to Unity Package Manager local server
Mono: successfully reloaded assembly
- Finished resetting the current domain, in 71.256 seconds
Domain Reload Profiling: 126767ms
	BeginReloadAssembly (31859ms)
		ExecutionOrderSort (0ms)
		DisableScriptedObjects (8787ms)
		BackupInstance (0ms)
		ReleaseScriptingObjects (37ms)
		CreateAndSetChildDomain (13017ms)
	RebuildCommonClasses (501ms)
	RebuildNativeTypeToScriptingClass (15ms)
	initialDomainReloadingComplete (996ms)
	LoadAllAssembliesAndSetupDomain (22140ms)
		LoadAssemblies (25184ms)
		RebuildTransferFunctionScriptingTraits (0ms)
		AnalyzeDomain (902ms)
			TypeCache.Refresh (586ms)
				TypeCache.ScanAssembly (0ms)
			ScanForSourceGeneratedMonoScriptInfo (15ms)
			ResolveRequiredComponents (298ms)
	FinalizeReload (71257ms)
		ReleaseScriptCaches (0ms)
		RebuildScriptCaches (0ms)
		SetupLoadedEditorAssemblies (3193ms)
			LogAssemblyErrors (0ms)
			InitializePlatformSupportModulesInManaged (367ms)
			SetLoadedEditorAssemblies (93ms)
			RefreshPlugins (0ms)
			BeforeProcessingInitializeOnLoad (756ms)
			ProcessInitializeOnLoadAttributes (1665ms)
			ProcessInitializeOnLoadMethodAttributes (306ms)
			AfterProcessingInitializeOnLoad (4ms)
			EditorAssembliesLoaded (1ms)
		ExecutionOrderSort2 (0ms)
		AwakeInstancesAfterBackupRestoration (20ms)
Shader Hidden/ProbeVolume/VoxelizeScene is not supported: GPU does not support conservative rasterization
Refreshing native plugins compatible for Editor in 671.70 ms, found 4 plugins.
Preloading 0 native plugins for Editor in 0.00 ms.
Unloading 4899 Unused Serialized files (Serialized files now loaded: 0)
Unloading 70 unused Assets / (2.6 MB). Loaded Objects now: 5556.
Memory consumption went from 225.3 MB to 222.7 MB.
Total: 122.826900 ms (FindLiveObjects: 0.901400 ms CreateObjectMapping: 0.447200 ms MarkObjects: 88.622000 ms  DeleteObjects: 32.851000 ms)

Prepare: number of updated asset objects reloaded= 0
AssetImportParameters requested are different than current active one (requested -> active):
  custom:container-demuxer-ogg: 62fdf1f143b41e24485cea50d1cbac27 -> 
  custom:video-decoder-ogg-theora: a1e56fd34408186e4bbccfd4996cb3dc -> 
  custom:framework-win-MediaFoundation: 216162199b28c13a410421893ffa2e32 -> 
  custom:CustomObjectIndexerAttribute: 0f5f72dab822025b0759b197a3119d15 -> 
  custom:container-demuxer-webm: 4f35f7cbe854078d1ac9338744f61a02 -> 
  custom:container-muxer-webm: aa71ff27fc2769a1b78a27578f13a17b -> 
  custom:video-decoder-webm-vp8: 9c59270c3fd7afecdb556c50c9e8de78 -> 
  custom:SearchIndexIgnoredProperties: e643bd26f0fe6173181afceb89e7c659 -> 
  custom:AudioImporter_EditorPlatform: d09bf68614088b80899f8185d706f6e7 -> 
  custom:video-encoder-webm-vp8: eb34c28f22e8b96e1ab97ce403110664 -> 
  custom:audio-decoder-ogg-vorbis: bf7c407c2cedff20999df2af8eb42d56 -> 
  custom:audio-encoder-webm-vorbis: bf7c407c2cedff20999df2af8eb42d56 -> 
========================================================================
Received Prepare
Begin MonoManager ReloadAssembly
- Loaded All Assemblies, in  9.100 seconds
Refreshing native plugins compatible for Editor in 3.92 ms, found 4 plugins.
Native extension for WindowsStandalone target not found
Native extension for iOS target not found
Native extension for Android target not found
Native extension for WebGL target not found
[Package Manager] Server::EnsureServerProcessIsRunning -- launch failed, reason: Unity was launched with the -noUpm command-line argument
[Package Manager] UpmClient::Send -- Unable to send message (not connected to UPM process).
[Package Manager] Cannot connect to Unity Package Manager local server
Mono: successfully reloaded assembly
- Finished resetting the current domain, in 27.046 seconds
Domain Reload Profiling: 36145ms
	BeginReloadAssembly (1807ms)
		ExecutionOrderSort (0ms)
		DisableScriptedObjects (22ms)
		BackupInstance (0ms)
		ReleaseScriptingObjects (0ms)
		CreateAndSetChildDomain (219ms)
	RebuildCommonClasses (221ms)
	RebuildNativeTypeToScriptingClass (17ms)
	initialDomainReloadingComplete (49ms)
	LoadAllAssembliesAndSetupDomain (7004ms)
		LoadAssemblies (8173ms)
		RebuildTransferFunctionScriptingTraits (0ms)
		AnalyzeDomain (294ms)
			TypeCache.Refresh (259ms)
				TypeCache.ScanAssembly (0ms)
			ScanForSourceGeneratedMonoScriptInfo (0ms)
			ResolveRequiredComponents (33ms)
	FinalizeReload (27048ms)
		ReleaseScriptCaches (0ms)
		RebuildScriptCaches (0ms)
		SetupLoadedEditorAssemblies (2064ms)
			LogAssemblyErrors (0ms)
			InitializePlatformSupportModulesInManaged (220ms)
			SetLoadedEditorAssemblies (13ms)
			RefreshPlugins (0ms)
			BeforeProcessingInitializeOnLoad (428ms)
			ProcessInitializeOnLoadAttributes (1259ms)
			ProcessInitializeOnLoadMethodAttributes (137ms)
			AfterProcessingInitializeOnLoad (6ms)
			EditorAssembliesLoaded (1ms)
		ExecutionOrderSort2 (0ms)
		AwakeInstancesAfterBackupRestoration (65ms)
Shader Hidden/ProbeVolume/VoxelizeScene is not supported: GPU does not support conservative rasterization
Refreshing native plugins compatible for Editor in 18.02 ms, found 4 plugins.
Preloading 0 native plugins for Editor in 0.00 ms.
Unloading 4899 Unused Serialized files (Serialized files now loaded: 0)
Unloading 70 unused Assets / (2.6 MB). Loaded Objects now: 5572.
Memory consumption went from 227.2 MB to 224.7 MB.
Total: 7.078000 ms (FindLiveObjects: 0.594600 ms CreateObjectMapping: 0.545800 ms MarkObjects: 5.046900 ms  DeleteObjects: 0.889200 ms)

Prepare: number of updated asset objects reloaded= 0
AssetImportParameters requested are different than current active one (requested -> active):
  custom:container-demuxer-ogg: 62fdf1f143b41e24485cea50d1cbac27 -> 
  custom:video-decoder-ogg-theora: a1e56fd34408186e4bbccfd4996cb3dc -> 
  custom:framework-win-MediaFoundation: 216162199b28c13a410421893ffa2e32 -> 
  custom:CustomObjectIndexerAttribute: 0f5f72dab822025b0759b197a3119d15 -> 
  custom:container-demuxer-webm: 4f35f7cbe854078d1ac9338744f61a02 -> 
  custom:container-muxer-webm: aa71ff27fc2769a1b78a27578f13a17b -> 
  custom:video-decoder-webm-vp8: 9c59270c3fd7afecdb556c50c9e8de78 -> 
  custom:SearchIndexIgnoredProperties: e643bd26f0fe6173181afceb89e7c659 -> 
  custom:AudioImporter_EditorPlatform: d09bf68614088b80899f8185d706f6e7 -> 
  custom:video-encoder-webm-vp8: eb34c28f22e8b96e1ab97ce403110664 -> 
  custom:audio-decoder-ogg-vorbis: bf7c407c2cedff20999df2af8eb42d56 -> 
  custom:audio-encoder-webm-vorbis: bf7c407c2cedff20999df2af8eb42d56 -> 
========================================================================
Received Prepare
Begin MonoManager ReloadAssembly
- Loaded All Assemblies, in  4.129 seconds
Refreshing native plugins compatible for Editor in 7.30 ms, found 4 plugins.
Native extension for WindowsStandalone target not found
Native extension for iOS target not found
Native extension for Android target not found
Native extension for WebGL target not found
[Package Manager] Server::EnsureServerProcessIsRunning -- launch failed, reason: Unity was launched with the -noUpm command-line argument
[Package Manager] UpmClient::Send -- Unable to send message (not connected to UPM process).
[Package Manager] Cannot connect to Unity Package Manager local server
Mono: successfully reloaded assembly
- Finished resetting the current domain, in  3.866 seconds
Domain Reload Profiling: 7994ms
	BeginReloadAssembly (381ms)
		ExecutionOrderSort (0ms)
		DisableScriptedObjects (14ms)
		BackupInstance (0ms)
		ReleaseScriptingObjects (0ms)
		CreateAndSetChildDomain (202ms)
	RebuildCommonClasses (57ms)
	RebuildNativeTypeToScriptingClass (22ms)
	initialDomainReloadingComplete (41ms)
	LoadAllAssembliesAndSetupDomain (3626ms)
		LoadAssemblies (3721ms)
		RebuildTransferFunctionScriptingTraits (0ms)
		AnalyzeDomain (35ms)
			TypeCache.Refresh (11ms)
				TypeCache.ScanAssembly (0ms)
			ScanForSourceGeneratedMonoScriptInfo (0ms)
			ResolveRequiredComponents (22ms)
	FinalizeReload (3867ms)
		ReleaseScriptCaches (0ms)
		RebuildScriptCaches (0ms)
		SetupLoadedEditorAssemblies (1332ms)
			LogAssemblyErrors (0ms)
			InitializePlatformSupportModulesInManaged (60ms)
			SetLoadedEditorAssemblies (7ms)
			RefreshPlugins (0ms)
			BeforeProcessingInitializeOnLoad (234ms)
			ProcessInitializeOnLoadAttributes (883ms)
			ProcessInitializeOnLoadMethodAttributes (142ms)
			AfterProcessingInitializeOnLoad (5ms)
			EditorAssembliesLoaded (1ms)
		ExecutionOrderSort2 (0ms)
		AwakeInstancesAfterBackupRestoration (24ms)
Shader Hidden/ProbeVolume/VoxelizeScene is not supported: GPU does not support conservative rasterization
Refreshing native plugins compatible for Editor in 39.67 ms, found 4 plugins.
Preloading 0 native plugins for Editor in 0.00 ms.
Unloading 4899 Unused Serialized files (Serialized files now loaded: 0)
Unloading 70 unused Assets / (2.6 MB). Loaded Objects now: 5588.
Memory consumption went from 229.2 MB to 226.6 MB.
Total: 18.598800 ms (FindLiveObjects: 1.291100 ms CreateObjectMapping: 1.357500 ms MarkObjects: 14.077300 ms  DeleteObjects: 1.870100 ms)

Prepare: number of updated asset objects reloaded= 0
AssetImportParameters requested are different than current active one (requested -> active):
  custom:container-demuxer-ogg: 62fdf1f143b41e24485cea50d1cbac27 -> 
  custom:video-decoder-ogg-theora: a1e56fd34408186e4bbccfd4996cb3dc -> 
  custom:framework-win-MediaFoundation: 216162199b28c13a410421893ffa2e32 -> 
  custom:CustomObjectIndexerAttribute: 0f5f72dab822025b0759b197a3119d15 -> 
  custom:container-demuxer-webm: 4f35f7cbe854078d1ac9338744f61a02 -> 
  custom:container-muxer-webm: aa71ff27fc2769a1b78a27578f13a17b -> 
  custom:video-decoder-webm-vp8: 9c59270c3fd7afecdb556c50c9e8de78 -> 
  custom:SearchIndexIgnoredProperties: e643bd26f0fe6173181afceb89e7c659 -> 
  custom:AudioImporter_EditorPlatform: d09bf68614088b80899f8185d706f6e7 -> 
  custom:video-encoder-webm-vp8: eb34c28f22e8b96e1ab97ce403110664 -> 
  custom:audio-decoder-ogg-vorbis: bf7c407c2cedff20999df2af8eb42d56 -> 
  custom:audio-encoder-webm-vorbis: bf7c407c2cedff20999df2af8eb42d56 -> 
========================================================================
Received Import Request.
  Time since last request: 4131.775423 seconds.
  path: Assets/Scenes/My Bullet .prefab
  artifactKey: Guid(ee22beff04f265c4fac7fd797e53a3bc) Importer(815301076,1909f56bfc062723c751e8b465ee728b)
Start importing Assets/Scenes/My Bullet .prefab using Guid(ee22beff04f265c4fac7fd797e53a3bc) Importer(815301076,1909f56bfc062723c751e8b465ee728b)  -> (artifact id: '0eda95eeec38f5df4275b684e4aaa232') in 3.765811 seconds
Number of updated asset objects reloaded before import = 0
Number of asset objects unloaded after import = 47
========================================================================
Received Prepare
Begin MonoManager ReloadAssembly
- Loaded All Assemblies, in  1.656 seconds
Refreshing native plugins compatible for Editor in 6.24 ms, found 4 plugins.
